
    2017-10-10 21:48:50.435322+0100 MYAPP[496:24382] [Accessibility] ****************** Loading GAX Client Bundle ****************
    2017-10-10 21:48:51.162298+0100 MYAPP[496:24511] [Firebase/Analytics][I-ACS023007] Firebase Analytics v.40004000 started
    2017-10-10 21:48:51.165524+0100 MYAPP[496:24511] [Firebase/Analytics][I-ACS023008] To enable debug logging set the following application argument: -FIRAnalyticsDebugEnabled (see http://help.apple.com/xcode/mac/8.0/#/dev3ec8a1cb4)
    2017-10-10 21:48:51.285317+0100 MYAPP[496:24503] [Firebase/Messaging][I-FCM001000] FIRMessaging Remote Notifications proxy enabled, will swizzle remote notification receiver handlers. If you'd prefer to manually integrate Firebase Messaging, add "FirebaseAppDelegateProxyEnabled" to your Info.plist, and set it to NO. Follow the instructions at:
    https://firebase.google.com/docs/cloud-messaging/ios/client#method_swizzling_in_firebase_messaging
    to ensure proper integration.
    2017-10-10 21:48:51.294326+0100 MYAPP[496:24512] [BoringSSL] Function boringssl_context_get_peer_sct_list: line 1754 received sct extension length is less than sct data length
    2017-10-10 21:48:51.484565+0100 MYAPP[496:24382] [MC] Lazy loading NSBundle MobileCoreServices.framework
    2017-10-10 21:48:51.487518+0100 MYAPP[496:24382] [MC] Loaded MobileCoreServices.framework
    2017-10-10 21:48:51.494425+0100 MYAPP[496:24382] [MC] System group container for systemgroup.com.apple.configurationprofiles path is /private/var/containers/Shared/SystemGroup/systemgroup.com.apple.configurationprofiles
    Registration succeeded! Token:  f4985e58c971eebfc17fd67553f5a4.......e60291450d36492accb50
    2017-10-10 21:48:52.551448+0100 MYAPP[496:24382] refreshPreferences: HangTracerEnabled: 0
    2017-10-10 21:48:52.551547+0100 MYAPP[496:24382] refreshPreferences: HangTracerDuration: 500
    2017-10-10 21:48:52.551609+0100 MYAPP[496:24382] refreshPreferences: ActivationLoggingEnabled: 0 ActivationLoggingTaskedOffByDA:0
    2017-10-10 21:48:55.832812+0100 MYAPP[496:24511] TIC Read Status [1:0x0]: 1:57
    2017-10-10 21:48:55.833370+0100 MYAPP[496:24511] TIC Read Status [1:0x0]: 1:57
    2017-10-10 21:48:56.382405+0100 MYAPP[496:24508] [MC] Reading from public effective user settings.
    2017-10-10 21:48:56.704634+0100 MYAPP[496:24530] WF: === Starting WebFilter logging for process MYAPP
    2017-10-10 21:48:56.704730+0100 MYAPP[496:24530] WF: _userSettingsForUser mobile: {
        filterBlacklist =     (
        );
        filterWhitelist =     (
        );
        restrictWeb = 1;
        useContentFilter = 0;
        useContentFilterOverrides = 0;
        whitelistEnabled = 0;
    }
    2017-10-10 21:48:56.704881+0100 MYAPP[496:24530] WF: _WebFilterIsActive returning: NO
    2017-10-10 21:49:03.994719+0100 MYAPP[496:24530] WF: _userSettingsForUser mobile: {
        filterBlacklist =     (
        );
        filterWhitelist =     (
        );
        restrictWeb = 1;
        useContentFilter = 0;
        useContentFilterOverrides = 0;
        whitelistEnabled = 0;
    }
    2017-10-10 21:49:03.994897+0100 MYAPP[496:24530] WF: _WebFilterIsActive returning: NO
    2017-10-10 21:49:05.930194+0100 MYAPP[496:24530] WF: _userSettingsForUser mobile: {
        filterBlacklist =     (
        );
        filterWhitelist =     (
        );
        restrictWeb = 1;
        useContentFilter = 0;
        useContentFilterOverrides = 0;
        whitelistEnabled = 0;
    }
    2017-10-10 21:49:05.930363+0100 MYAPP[496:24530] WF: _WebFilterIsActive returning: NO
    2017-10-10 21:49:13.116128+0100 MYAPP[496:24530] WF: _userSettingsForUser mobile: {
        filterBlacklist =     (
        );
        filterWhitelist =     (
        );
        restrictWeb = 1;
        useContentFilter = 0;
        useContentFilterOverrides = 0;
        whitelistEnabled = 0;
    }
    2017-10-10 21:49:13.116291+0100 MYAPP[496:24530] WF: _WebFilterIsActive returning: NO
    2017-10-10 21:49:16.327937+0100 MYAPP[496:24530] WF: _userSettingsForUser mobile: {
        filterBlacklist =     (
        );
        filterWhitelist =     (
        );
        restrictWeb = 1;
        useContentFilter = 0;
        useContentFilterOverrides = 0;
        whitelistEnabled = 0;
    }
    2017-10-10 21:49:16.328280+0100 MYAPP[496:24530] WF: _WebFilterIsActive returning: NO
    2017-10-10 21:49:17.770781+0100 MYAPP[496:24530] WF: _userSettingsForUser mobile: {
        filterBlacklist =     (
        );
        filterWhitelist =     (
        );
        restrictWeb = 1;
        useContentFilter = 0;
        useContentFilterOverrides = 0;
        whitelistEnabled = 0;
    }
    2017-10-10 21:49:17.770926+0100 MYAPP[496:24530] WF: _WebFilterIsActive returning: NO
    2017-10-10 21:49:21.264363+0100 MYAPP[496:24508] TIC Read Status [16:0x0]: 1:57
    2017-10-10 21:49:21.264453+0100 MYAPP[496:24508] TIC Read Status [16:0x0]: 1:57